[debug] [2021-05-29T12:18:19.678Z] ----------------------------------------------------------------------
[debug] [2021-05-29T12:18:19.682Z] Command:       C:\Program Files\nodejs\node.exe C:\Users\Gautam\AppData\Roaming\npm\node_modules\firebase-tools\lib\bin\firebase.js init
[debug] [2021-05-29T12:18:19.683Z] CLI Version:   9.11.0
[debug] [2021-05-29T12:18:19.683Z] Platform:      win32
[debug] [2021-05-29T12:18:19.683Z] Node Version:  v14.16.0
[debug] [2021-05-29T12:18:19.685Z] Time:          Sat May 29 2021 17:48:19 GMT+0530 (India Standard Time)
[debug] [2021-05-29T12:18:19.685Z] ----------------------------------------------------------------------
[debug] 
[debug] [2021-05-29T12:18:19.689Z] >>> [apiv2][query] GET https://firebase-public.firebaseio.com/cli.json [none]
[debug] [2021-05-29T12:18:19.715Z] > command requires scopes: ["email","openid","https://www.googleapis.com/auth/cloudplatformprojects.readonly","https://www.googleapis.com/auth/firebase","https://www.googleapis.com/auth/cloud-platform"]
[debug] [2021-05-29T12:18:19.716Z] > authorizing via signed-in user (gautamjoshep9@gmail.com)
[info] 
     ######## #### ########  ######## ########     ###     ######  ########
     ##        ##  ##     ## ##       ##     ##  ##   ##  ##       ##
     ######    ##  ########  ######   ########  #########  ######  ######
     ##        ##  ##    ##  ##       ##     ## ##     ##       ## ##
     ##       #### ##     ## ######## ########  ##     ##  ######  ########

You're about to initialize a Firebase project in this directory:

  C:\Users\Gautam\OneDrive\Documents\codes\discord-clone\discord

[info] 
=== Project Setup
[info] 
[info] First, let's associate this project directory with a Firebase project.
[info] You can create multiple project aliases by running firebase use --add, 
[info] but for now we'll just set up a default project.
[info] 
